Arguments: 
  /home/vagrant/.nvm/versions/node/v8.12.0/bin/node /usr/share/yarn/bin/yarn.js

PATH: 
  /home/vagrant/.pyenv/shims:/home/vagrant/.pyenv/bin:/home/vagrant/.rbenv/shims:/home/vagrant/.rbenv/bin:/home/vagrant/bin:/home/vagrant/.local/bin:/home/vagrant/.nvm/versions/node/v8.12.0/bin:/usr/local/sbin:/usr/local/bin:/usr/sbin:/usr/bin:/sbin:/bin:/usr/games:/usr/local/games:/snap/bin

Yarn version: 
  1.12.3

Node version: 
  8.12.0

Platform: 
  linux x64

Trace: 
  SyntaxError: /home/vagrant/workspace/scheduel/package.json: Unexpected token } in JSON at position 1348
      at JSON.parse (<anonymous>)
      at /usr/share/yarn/lib/cli.js:1631:59
      at Generator.next (<anonymous>)
      at step (/usr/share/yarn/lib/cli.js:304:30)
      at /usr/share/yarn/lib/cli.js:315:13
      at <anonymous>

npm manifest: 
  {
    "name": "reflecti-example"
  }

yarn manifest: 
  No manifest

Lockfile: 
  No lockfile
